<?xml version="1.0" encoding="UTF-8"?>
<!-- Generated by org.testng.reporters.JUnitXMLReporter -->
<testsuite hostname="DESKTOP-L40GOVC" ignored="0" name="Assignment" tests="7" failures="0" timestamp="2021-06-07T13:20:16 IST" time="77.976" errors="0">
  <testcase name="launchBrowser" time="14.283" classname="com.sgtesting.framework.Assignment1"/>
  <testcase name="navigate" time="16.44" classname="com.sgtesting.framework.Assignment1"/>
  <testcase name="login" time="13.104" classname="com.sgtesting.framework.Assignment1"/>
  <testcase name="createUser" time="20.204" classname="com.sgtesting.framework.Assignment1"/>
  <testcase name="deleteUser" time="8.825" classname="com.sgtesting.framework.Assignment1"/>
  <testcase name="logout" time="2.61" classname="com.sgtesting.framework.Assignment1"/>
  <testcase name="closeApplication" time="2.203" classname="com.sgtesting.framework.Assignment1"/>
</testsuite> <!-- Assignment -->
