<?xml version="1.0" encoding="UTF-8"?>
<!-- Generated by org.testng.reporters.JUnitXMLReporter -->
<testsuite hostname="DESKTOP-L40GOVC" ignored="0" name="Assignment" tests="7" failures="0" timestamp="2021-06-02T18:38:44 IST" time="219.972" errors="0">
  <testcase name="launchBrowser" time="21.95" classname="com.sgtesting.framework.Assignment1"/>
  <testcase name="navigate" time="26.811" classname="com.sgtesting.framework.Assignment1"/>
  <testcase name="login" time="70.392" classname="com.sgtesting.framework.Assignment1"/>
  <testcase name="createUser" time="75.101" classname="com.sgtesting.framework.Assignment1"/>
  <testcase name="deleteUser" time="16.64" classname="com.sgtesting.framework.Assignment1"/>
  <testcase name="logout" time="3.393" classname="com.sgtesting.framework.Assignment1"/>
  <testcase name="closeApplication" time="5.518" classname="com.sgtesting.framework.Assignment1"/>
</testsuite> <!-- Assignment -->
