<?xml version="1.0" encoding="UTF-8"?>
<testng-results skipped="0" failed="0" ignored="0" total="1" passed="1">
  <reporter-output>
  </reporter-output>
  <suite name="Default suite" duration-ms="61" started-at="2021-09-19T15:51:37 IST" finished-at="2021-09-19T15:51:37 IST">
    <groups>
    </groups>
    <test name="Default test" duration-ms="61" started-at="2021-09-19T15:51:37 IST" finished-at="2021-09-19T15:51:37 IST">
      <class name="testng.TestNGdemo">
        <test-method status="PASS" signature="deleteUser2()[pri:0, instance:testng.TestNGdemo@1a1d6a08]" name="deleteUser2" duration-ms="11" started-at="2021-09-19T15:51:37 IST" finished-at="2021-09-19T15:51:37 IST">
          <reporter-output>
          </reporter-output>
        </test-method> <!-- deleteUser2 -->
        <test-method status="PASS" signature="modifyUser()[pri:0, instance:testng.TestNGdemo@1a1d6a08]" name="modifyUser" is-config="true" duration-ms="2" started-at="2021-09-19T15:51:37 IST" finished-at="2021-09-19T15:51:37 IST">
          <reporter-output>
          </reporter-output>
        </test-method> <!-- modifyUser -->
      </class> <!-- testng.TestNGdemo -->
    </test> <!-- Default test -->
  </suite> <!-- Default suite -->
</testng-results>
