<?xml version="1.0" encoding="UTF-8"?>
<!-- Generated by org.testng.reporters.JUnitXMLReporter -->
<testsuite hostname="DESKTOP-L40GOVC" ignored="2" name="run script" tests="1" failures="0" timestamp="2021-09-14T23:19:42 IST" time="0.078" errors="0">
  <testcase name="createUser" time="0.013" classname="testng.TestNGdemo"/>
  <testcase name="deleteUser" time="0.0" classname="testng.TestNGdemo">
    <ignored/>
  </testcase> <!-- deleteUser -->
  <testcase name="modifyUser" time="0.0" classname="testng.TestNGdemo">
    <ignored/>
  </testcase> <!-- modifyUser -->
</testsuite> <!-- run script -->
